#
# There is insufficient memory for the Java Runtime Environment to continue.
# Native memory allocation (malloc) failed to allocate 613616 bytes. Error detail: Chunk::new
# Possible reasons:
#   The system is out of physical RAM or swap space
#   This process is running with CompressedOops enabled, and the Java Heap may be blocking the growth of the native heap
# Possible solutions:
#   Reduce memory load on the system
#   Increase physical memory or swap space
#   Check if swap backing store is full
#   Decrease Java heap size (-Xmx/-Xms)
#   Decrease number of Java threads
#   Decrease Java thread stack sizes (-Xss)
#   Set larger code cache with -XX:ReservedCodeCacheSize=
#   JVM is running with Unscaled Compressed Oops mode in which the Java heap is
#     placed in the first 4GB address space. The Java Heap base address is the
#     maximum limit for the native heap growth. Please use -XX:HeapBaseMinAddress
#     to set the Java Heap base and to place the Java Heap above 4GB virtual address.
# This output file may be truncated or incomplete.
#
#  Out of Memory Error (arena.cpp:168), pid=7376, tid=11196
#
# JRE version: OpenJDK Runtime Environment Temurin-21.0.9+10 (21.0.9+10) (build 21.0.9+10-LTS)
# Java VM: OpenJDK 64-Bit Server VM Temurin-21.0.9+10 (21.0.9+10-LTS, mixed mode, sharing, tiered, compressed oops, compressed class ptrs, parallel gc, windows-amd64)
# No core dump will be written. Minidumps are not enabled by default on client versions of Windows
#

---------------  S U M M A R Y ------------

Command Line: --add-modules=ALL-SYSTEM --add-opens=java.base/java.util=ALL-UNNAMED --add-opens=java.base/java.lang=ALL-UNNAMED --add-opens=java.base/sun.nio.fs=ALL-UNNAMED -Declipse.application=org.eclipse.jdt.ls.core.id1 -Dosgi.bundles.defaultStartLevel=4 -Declipse.product=org.eclipse.jdt.ls.core.product -Djava.import.generatesMetadataFilesAtProjectRoot=false -DDetectVMInstallationsJob.disabled=true -Dfile.encoding=utf8 -XX:+UseParallelGC -XX:GCTimeRatio=4 -XX:AdaptiveSizePolicyWeight=90 -Dsun.zip.disableMemoryMapping=true -Xmx2G -Xms100m -Xlog:disable -javaagent:c:\Users\Clickchain\.vscode\extensions\redhat.java-1.51.0-win32-x64\lombok\lombok-1.18.39-4050.jar -XX:+HeapDumpOnOutOfMemoryError -XX:HeapDumpPath=c:\Users\Clickchain\AppData\Roaming\Code\User\workspaceStorage\c6710c927eafd77c31b9528d8bca41a5\redhat.java -Daether.dependencyCollector.impl=bf c:\Users\Clickchain\.vscode\extensions\redhat.java-1.51.0-win32-x64\server\plugins\org.eclipse.equinox.launcher_1.7.100.v20251111-0406.jar -configuration c:\Users\Clickchain\AppData\Roaming\Code\User\globalStorage\redhat.java\1.51.0\config_win -data c:\Users\Clickchain\AppData\Roaming\Code\User\workspaceStorage\c6710c927eafd77c31b9528d8bca41a5\redhat.java\jdt_ws --pipe=\\.\pipe\lsp-98f0ca1b6accca7b69e4cb8408004252-sock

Host: 11th Gen Intel(R) Core(TM) i7-1165G7 @ 2.80GHz, 8 cores, 15G,  Windows 11 , 64 bit Build 22621 (10.0.22621.5415)
Time: Sat Jan 24 00:04:33 2026 Pakistan Standard Time elapsed time: 5.934431 seconds (0d 0h 0m 5s)

---------------  T H R E A D  ---------------

Current thread (0x0000018268b380b0):  JavaThread "C2 CompilerThread0" daemon [_thread_in_native, id=11196, stack(0x0000006d04f00000,0x0000006d05000000) (1024K)]


Current CompileTask:
C2:5934 2112 %     4       org.eclipse.osgi.util.ManifestElement::readLine @ 0 (122 bytes)

Stack: [0x0000006d04f00000,0x0000006d05000000]
Native frames: (J=compiled Java code, j=interpreted, Vv=VM code, C=native code)
V  [jvm.dll+0x6d6e29]
V  [jvm.dll+0x8b4b76]
V  [jvm.dll+0x8b712e]
V  [jvm.dll+0x8b7813]
V  [jvm.dll+0x283d86]
V  [jvm.dll+0xc66ed]
V  [jvm.dll+0xc6c31]
V  [jvm.dll+0x3be501]
V  [jvm.dll+0x38ab92]
V  [jvm.dll+0x389fda]
V  [jvm.dll+0x24bfa0]
V  [jvm.dll+0x24b580]
V  [jvm.dll+0x1cb13e]
V  [jvm.dll+0x25b29d]
V  [jvm.dll+0x25982a]
V  [jvm.dll+0x3f7ea6]
V  [jvm.dll+0x85e9ad]
V  [jvm.dll+0x6d565d]
C  [ucrtbase.dll+0x29333]
C  [KERNEL32.DLL+0x1259d]
C  [ntdll.dll+0x5af78]


---------------  P R O C E S S  ---------------

Threads class SMR info:
_java_thread_list=0x000001826a4bae10, length=16, elements={
0x00000182520c2810, 0x0000018268b2ae50, 0x0000018268b2dcc0, 0x0000018268b31750,
0x0000018268b32660, 0x0000018268b303d0, 0x0000018268b37330, 0x0000018268b380b0,
0x0000018268b5cac0, 0x000001826a5c87c0, 0x000001826a70a370, 0x000001826f06c920,
0x000001826f0b25e0, 0x000001826f060e20, 0x000001826f063520, 0x000001826afa0330
}

Java Threads: ( => current thread )
  0x00000182520c2810 JavaThread "main"                              [_thread_blocked, id=21648, stack(0x0000006d04500000,0x0000006d04600000) (1024K)]
  0x0000018268b2ae50 JavaThread "Reference Handler"          daemon [_thread_blocked, id=13336, stack(0x0000006d04900000,0x0000006d04a00000) (1024K)]
  0x0000018268b2dcc0 JavaThread "Finalizer"                  daemon [_thread_blocked, id=12508, stack(0x0000006d04a00000,0x0000006d04b00000) (1024K)]
  0x0000018268b31750 JavaThread "Signal Dispatcher"          daemon [_thread_blocked, id=20352, stack(0x0000006d04b00000,0x0000006d04c00000) (1024K)]
  0x0000018268b32660 JavaThread "Attach Listener"            daemon [_thread_blocked, id=18244, stack(0x0000006d04c00000,0x0000006d04d00000) (1024K)]
  0x0000018268b303d0 JavaThread "Service Thread"             daemon [_thread_blocked, id=18648, stack(0x0000006d04d00000,0x0000006d04e00000) (1024K)]
  0x0000018268b37330 JavaThread "Monitor Deflation Thread"   daemon [_thread_blocked, id=21312, stack(0x0000006d04e00000,0x0000006d04f00000) (1024K)]
=>0x0000018268b380b0 JavaThread "C2 CompilerThread0"         daemon [_thread_in_native, id=11196, stack(0x0000006d04f00000,0x0000006d05000000) (1024K)]
  0x0000018268b5cac0 JavaThread "C1 CompilerThread0"         daemon [_thread_blocked, id=4756, stack(0x0000006d05000000,0x0000006d05100000) (1024K)]
  0x000001826a5c87c0 JavaThread "Common-Cleaner"             daemon [_thread_blocked, id=7776, stack(0x0000006d05100000,0x0000006d05200000) (1024K)]
  0x000001826a70a370 JavaThread "Notification Thread"        daemon [_thread_blocked, id=11164, stack(0x0000006d05200000,0x0000006d05300000) (1024K)]
  0x000001826f06c920 JavaThread "Active Thread: Equinox Container: 0bf5b17c-c5ea-4bb9-8af2-f2b055e6b0e6"        [_thread_blocked, id=13192, stack(0x0000006d05b00000,0x0000006d05c00000) (1024K)]
  0x000001826f0b25e0 JavaThread "Refresh Thread: Equinox Container: 0bf5b17c-c5ea-4bb9-8af2-f2b055e6b0e6" daemon [_thread_blocked, id=564, stack(0x0000006d05d00000,0x0000006d05e00000) (1024K)]
  0x000001826f060e20 JavaThread "Framework Event Dispatcher: Equinox Container: 0bf5b17c-c5ea-4bb9-8af2-f2b055e6b0e6" daemon [_thread_blocked, id=9564, stack(0x0000006d05300000,0x0000006d05400000) (1024K)]
  0x000001826f063520 JavaThread "Start Level: Equinox Container: 0bf5b17c-c5ea-4bb9-8af2-f2b055e6b0e6" daemon [_thread_blocked, id=19944, stack(0x0000006d05400000,0x0000006d05500000) (1024K)]
  0x000001826afa0330 JavaThread "C2 CompilerThread1"         daemon [_thread_blocked, id=8552, stack(0x0000006d05e00000,0x0000006d05f00000) (1024K)]
Total: 16

Other Threads:
  0x0000018268b231c0 VMThread "VM Thread"                           [id=22240, stack(0x0000006d04800000,0x0000006d04900000) (1024K)]
  0x000001825212c0b0 WatcherThread "VM Periodic Task Thread"        [id=2388, stack(0x0000006d04700000,0x0000006d04800000) (1024K)]
  0x00000182520db290 WorkerThread "GC Thread#0"                     [id=15320, stack(0x0000006d04600000,0x0000006d04700000) (1024K)]
  0x000001826ab36c60 WorkerThread "GC Thread#1"                     [id=10348, stack(0x0000006d05500000,0x0000006d05600000) (1024K)]
  0x000001826ab37000 WorkerThread "GC Thread#2"                     [id=21856, stack(0x0000006d05600000,0x0000006d05700000) (1024K)]
  0x000001826a75cd70 WorkerThread "GC Thread#3"                     [id=22020, stack(0x0000006d05700000,0x0000006d05800000) (1024K)]
  0x000001826a75d110 WorkerThread "GC Thread#4"                     [id=3880, stack(0x0000006d05800000,0x0000006d05900000) (1024K)]
  0x000001826a75d4b0 WorkerThread "GC Thread#5"                     [id=10564, stack(0x0000006d05900000,0x0000006d05a00000) (1024K)]
  0x000001826af3f990 WorkerThread "GC Thread#6"                     [id=68, stack(0x0000006d05a00000,0x0000006d05b00000) (1024K)]
  0x000001826f14b3b0 WorkerThread "GC Thread#7"                     [id=6716, stack(0x0000006d05c00000,0x0000006d05d00000) (1024K)]
Total: 10

Threads with active compile tasks:
C2 CompilerThread0  5955 2112 %     4       org.eclipse.osgi.util.ManifestElement::readLine @ 0 (122 bytes)
C2 CompilerThread1  5955 2158 %     4       java.util.Properties$LineReader::readLine @ 293 (584 bytes)
Total: 2

VM state: at safepoint (normal execution)

VM Mutex/Monitor currently owned by a thread:  ([mutex/lock_event])
[0x00007ffa3a7fd570] Threads_lock - owner thread: 0x0000018268b231c0
[0x00007ffa3a7fd670] Heap_lock - owner thread: 0x000001826f063520

Heap address: 0x0000000080000000, size: 2048 MB, Compressed Oops mode: 32-bit

CDS archive(s) mapped at: [0x0000018200000000-0x0000018200ba0000-0x0000018200ba0000), size 12189696, SharedBaseAddress: 0x0000018200000000, ArchiveRelocationMode: 1.
Compressed class space mapped at: 0x0000018201000000-0x0000018241000000, reserved size: 1073741824
Narrow klass base: 0x0000018200000000, Narrow klass shift: 0, Narrow klass range: 0x100000000

GC Precious Log:
 CardTable entry size: 512
 CPUs: 8 total, 8 available
 Memory: 16026M
 Large Page Support: Disabled
 NUMA Support: Disabled
 Compressed Oops: Enabled (32-bit)
 Alignments: Space 512K, Generation 512K, Heap 2M
 Heap Min Capacity: 100M
 Heap Initial Capacity: 100M
 Heap Max Capacity: 2G
 Pre-touch: Disabled
 Parallel Workers: 8

Heap:
 PSYoungGen      total 29696K, used 4301K [0x00000000d5580000, 0x00000000d7680000, 0x0000000100000000)
  eden space 25600K, 0% used [0x00000000d5580000,0x00000000d55b7d08,0x00000000d6e80000)
  from space 4096K, 99% used [0x00000000d6e80000,0x00000000d727b960,0x00000000d7280000)
  to   space 4096K, 0% used [0x00000000d7280000,0x00000000d7280000,0x00000000d7680000)
 ParOldGen       total 68608K, used 5016K [0x0000000080000000, 0x0000000084300000, 0x00000000d5580000)
  object space 68608K, 7% used [0x0000000080000000,0x00000000804e6378,0x0000000084300000)
 Metaspace       used 9398K, committed 9728K, reserved 1114112K
  class space    used 1004K, committed 1152K, reserved 1048576K

Card table byte_map: [0x0000018251a70000,0x0000018251e80000] _byte_map_base: 0x0000018251670000

Marking Bits: (ParMarkBitMap*) 0x00007ffa3a802460
 Begin Bits: [0x0000018264560000, 0x0000018266560000)
 End Bits:   [0x0000018266560000, 0x0000018268560000)

Polling page: 0x00000182500b0000

Metaspace:

Usage:
  Non-class:      8.20 MB used.
      Class:   1004.59 KB used.
       Both:      9.18 MB used.

Virtual space:
  Non-class space:       64.00 MB reserved,       8.38 MB ( 13%) committed,  1 nodes.
      Class space:        1.00 GB reserved,       1.12 MB ( <1%) committed,  1 nodes.
             Both:        1.06 GB reserved,       9.50 MB ( <1%) committed. 

Chunk freelists:
   Non-Class:  6.92 MB
       Class:  14.79 MB
        Both:  21.71 MB

MaxMetaspaceSize: unlimited
CompressedClassSpaceSize: 1.00 GB
Initial GC threshold: 21.00 MB
Current GC threshold: 21.00 MB
CDS: on
 - commit_granule_bytes: 65536.
 - commit_granule_words: 8192.
 - virtual_space_node_default_size: 8388608.
 - enlarge_chunks_in_place: 1.
 - use_allocation_guard: 0.


Internal statistics:

num_allocs_failed_limit: 0.
num_arena_births: 256.
num_arena_deaths: 0.
num_vsnodes_births: 2.
num_vsnodes_deaths: 0.
num_space_committed: 152.
num_space_uncommitted: 0.
num_chunks_returned_to_freelist: 0.
num_chunks_taken_from_freelist: 505.
num_chunk_merges: 0.
num_chunk_splits: 320.
num_chunks_enlarged: 210.
num_inconsistent_stats: 0.

CodeHeap 'non-profiled nmethods': size=120000Kb used=960Kb max_used=960Kb free=119039Kb
 bounds [0x000001825cd80000, 0x000001825cff0000, 0x00000182642b0000]
CodeHeap 'profiled nmethods': size=120000Kb used=3952Kb max_used=3952Kb free=116047Kb
 bounds [0x00000182552b0000, 0x0000018255690000, 0x000001825c7e0000]
CodeHeap 'non-nmethods': size=5760Kb used=1238Kb max_used=1257Kb free=4521Kb
 bounds [0x000001825c7e0000, 0x000001825ca50000, 0x000001825cd80000]
CodeCache: size=245760Kb, used=6150Kb, max_used=6169Kb, free=239607Kb
 total_blobs=2673, nmethods=2180, adapters=399, full_count=0
Compilation: enabled, stopped_count=0, restarted_count=0

Compilation events (20 events):
Event: 5.919 Thread 0x0000018268b5cac0 2161       3       java.util.stream.Sink$ChainedReference::end (10 bytes)
Event: 5.919 Thread 0x0000018268b5cac0 nmethod 2161 0x0000018255686810 code [0x00000182556869c0, 0x0000018255686b98]
Event: 5.919 Thread 0x0000018268b5cac0 2162       3       org.eclipse.osgi.internal.container.InternalUtils::asList (2 bytes)
Event: 5.919 Thread 0x0000018268b5cac0 nmethod 2162 0x0000018255686c90 code [0x0000018255686e20, 0x0000018255686f10]
Event: 5.919 Thread 0x0000018268b5cac0 2163       3       java.util.stream.Sink::end (1 bytes)
Event: 5.919 Thread 0x0000018268b5cac0 nmethod 2163 0x0000018255686f90 code [0x0000018255687120, 0x0000018255687228]
Event: 5.919 Thread 0x0000018268b5cac0 2164       3       jdk.internal.misc.Unsafe::getLong (7 bytes)
Event: 5.919 Thread 0x0000018268b5cac0 nmethod 2164 0x0000018255687290 code [0x0000018255687420, 0x0000018255687540]
Event: 5.920 Thread 0x0000018268b5cac0 2165       3       java.nio.ByteBuffer::position (8 bytes)
Event: 5.920 Thread 0x0000018268b5cac0 nmethod 2165 0x0000018255687610 code [0x00000182556877c0, 0x0000018255687910]
Event: 5.920 Thread 0x0000018268b5cac0 2166       3       java.nio.ByteBuffer::arrayOffset (35 bytes)
Event: 5.920 Thread 0x0000018268b5cac0 nmethod 2166 0x0000018255687990 code [0x0000018255687b60, 0x0000018255687e18]
Event: 5.920 Thread 0x0000018268b5cac0 2167       3       java.util.stream.Sink::begin (1 bytes)
Event: 5.920 Thread 0x0000018268b5cac0 nmethod 2167 0x0000018255687f10 code [0x00000182556880a0, 0x00000182556881a8]
Event: 5.930 Thread 0x0000018268b5cac0 2168       1       org.eclipse.osgi.internal.loader.classpath.ClasspathManager::getFragmentClasspaths (5 bytes)
Event: 5.930 Thread 0x0000018268b5cac0 nmethod 2168 0x000001825ce6ed90 code [0x000001825ce6ef20, 0x000001825ce6efe8]
Event: 5.930 Thread 0x0000018268b5cac0 2170       3       java.util.stream.AbstractSpinedBuffer::count (31 bytes)
Event: 5.930 Thread 0x0000018268b5cac0 nmethod 2170 0x0000018255688210 code [0x00000182556883c0, 0x0000018255688578]
Event: 5.931 Thread 0x0000018268b5cac0 2171       1       org.eclipse.osgi.internal.hookregistry.ClassLoaderHook::createClassLoader (2 bytes)
Event: 5.931 Thread 0x0000018268b5cac0 nmethod 2171 0x000001825ce6f090 code [0x000001825ce6f220, 0x000001825ce6f2f0]

GC Heap History (4 events):
Event: 0.805 GC heap before
{Heap before GC invocations=1 (full 0):
 PSYoungGen      total 29696K, used 25600K [0x00000000d5580000, 0x00000000d7680000, 0x0000000100000000)
  eden space 25600K, 100% used [0x00000000d5580000,0x00000000d6e80000,0x00000000d6e80000)
  from space 4096K, 0% used [0x00000000d7280000,0x00000000d7280000,0x00000000d7680000)
  to   space 4096K, 0% used [0x00000000d6e80000,0x00000000d6e80000,0x00000000d7280000)
 ParOldGen       total 68608K, used 0K [0x0000000080000000, 0x0000000084300000, 0x00000000d5580000)
  object space 68608K, 0% used [0x0000000080000000,0x0000000080000000,0x0000000084300000)
 Metaspace       used 4321K, committed 4608K, reserved 1114112K
  class space    used 472K, committed 576K, reserved 1048576K
}
Event: 0.812 GC heap after
{Heap after GC invocations=1 (full 0):
 PSYoungGen      total 29696K, used 3271K [0x00000000d5580000, 0x00000000d7680000, 0x0000000100000000)
  eden space 25600K, 0% used [0x00000000d5580000,0x00000000d5580000,0x00000000d6e80000)
  from space 4096K, 79% used [0x00000000d6e80000,0x00000000d71b1e98,0x00000000d7280000)
  to   space 4096K, 0% used [0x00000000d7280000,0x00000000d7280000,0x00000000d7680000)
 ParOldGen       total 68608K, used 16K [0x0000000080000000, 0x0000000084300000, 0x00000000d5580000)
  object space 68608K, 0% used [0x0000000080000000,0x0000000080004000,0x0000000084300000)
 Metaspace       used 4321K, committed 4608K, reserved 1114112K
  class space    used 472K, committed 576K, reserved 1048576K
}
Event: 1.381 GC heap before
{Heap before GC invocations=2 (full 0):
 PSYoungGen      total 29696K, used 28871K [0x00000000d5580000, 0x00000000d7680000, 0x0000000100000000)
  eden space 25600K, 100% used [0x00000000d5580000,0x00000000d6e80000,0x00000000d6e80000)
  from space 4096K, 79% used [0x00000000d6e80000,0x00000000d71b1e98,0x00000000d7280000)
  to   space 4096K, 0% used [0x00000000d7280000,0x00000000d7280000,0x00000000d7680000)
 ParOldGen       total 68608K, used 16K [0x0000000080000000, 0x0000000084300000, 0x00000000d5580000)
  object space 68608K, 0% used [0x0000000080000000,0x0000000080004000,0x0000000084300000)
 Metaspace       used 7970K, committed 8256K, reserved 1114112K
  class space    used 829K, committed 960K, reserved 1048576K
}
Event: 1.387 GC heap after
{Heap after GC invocations=2 (full 0):
 PSYoungGen      total 29696K, used 4070K [0x00000000d5580000, 0x00000000d7680000, 0x0000000100000000)
  eden space 25600K, 0% used [0x00000000d5580000,0x00000000d5580000,0x00000000d6e80000)
  from space 4096K, 99% used [0x00000000d7280000,0x00000000d7679820,0x00000000d7680000)
  to   space 4096K, 0% used [0x00000000d6e80000,0x00000000d6e80000,0x00000000d7280000)
 ParOldGen       total 68608K, used 2025K [0x0000000080000000, 0x0000000084300000, 0x00000000d5580000)
  object space 68608K, 2% used [0x0000000080000000,0x00000000801fa5e0,0x0000000084300000)
 Metaspace       used 7970K, committed 8256K, reserved 1114112K
  class space    used 829K, committed 960K, reserved 1048576K
}

Dll operation events (9 events):
Event: 0.015 Loaded shared library c:\Users\Clickchain\.vscode\extensions\redhat.java-1.51.0-win32-x64\jre\21.0.9-win32-x86_64\bin\java.dll
Event: 0.113 Loaded shared library c:\Users\Clickchain\.vscode\extensions\redhat.java-1.51.0-win32-x64\jre\21.0.9-win32-x86_64\bin\zip.dll
Event: 0.137 Loaded shared library C:\Users\Clickchain\.vscode\extensions\redhat.java-1.51.0-win32-x64\jre\21.0.9-win32-x86_64\bin\instrument.dll
Event: 0.142 Loaded shared library C:\Users\Clickchain\.vscode\extensions\redhat.java-1.51.0-win32-x64\jre\21.0.9-win32-x86_64\bin\net.dll
Event: 0.144 Loaded shared library C:\Users\Clickchain\.vscode\extensions\redhat.java-1.51.0-win32-x64\jre\21.0.9-win32-x86_64\bin\nio.dll
Event: 0.146 Loaded shared library C:\Users\Clickchain\.vscode\extensions\redhat.java-1.51.0-win32-x64\jre\21.0.9-win32-x86_64\bin\zip.dll
Event: 0.162 Loaded shared library C:\Users\Clickchain\.vscode\extensions\redhat.java-1.51.0-win32-x64\jre\21.0.9-win32-x86_64\bin\jimage.dll
Event: 0.238 Loaded shared library c:\Users\Clickchain\.vscode\extensions\redhat.java-1.51.0-win32-x64\jre\21.0.9-win32-x86_64\bin\verify.dll
Event: 1.414 Loaded shared library C:\Users\Clickchain\AppData\Roaming\Code\User\globalStorage\redhat.java\1.51.0\config_win\org.eclipse.equinox.launcher\org.eclipse.equinox.launcher.win32.win32.x86_64_1.2.1400.v20250801-0854\eclipse_11916.dll

Deoptimization events (20 events):
Event: 5.888 Thread 0x000001826f063520 Uncommon trap: trap_request=0xffffff45 fr.pc=0x000001825ce5a490 relative=0x0000000000000650
Event: 5.888 Thread 0x000001826f063520 Uncommon trap: reason=unstable_if action=reinterpret pc=0x000001825ce5a490 method=java.util.regex.Matcher.search(I)Z @ 30 c2
Event: 5.888 Thread 0x000001826f063520 DEOPT PACKING pc=0x000001825ce5a490 sp=0x0000006d054fd870
Event: 5.888 Thread 0x000001826f063520 DEOPT UNPACKING pc=0x000001825c836da2 sp=0x0000006d054fd860 mode 2
Event: 5.888 Thread 0x000001826f063520 Uncommon trap: trap_request=0xffffffde fr.pc=0x000001825ce5b2e4 relative=0x0000000000000304
Event: 5.888 Thread 0x000001826f063520 Uncommon trap: reason=class_check action=maybe_recompile pc=0x000001825ce5b2e4 method=java.util.regex.Pattern$BmpCharPropertyGreedy.match(Ljava/util/regex/Matcher;ILjava/lang/CharSequence;)Z @ 26 c2
Event: 5.888 Thread 0x000001826f063520 DEOPT PACKING pc=0x000001825ce5b2e4 sp=0x0000006d054fd560
Event: 5.888 Thread 0x000001826f063520 DEOPT UNPACKING pc=0x000001825c836da2 sp=0x0000006d054fd518 mode 2
Event: 5.888 Thread 0x000001826f063520 Uncommon trap: trap_request=0xffffffde fr.pc=0x000001825ce5b2e4 relative=0x0000000000000304
Event: 5.888 Thread 0x000001826f063520 Uncommon trap: reason=class_check action=maybe_recompile pc=0x000001825ce5b2e4 method=java.util.regex.Pattern$BmpCharPropertyGreedy.match(Ljava/util/regex/Matcher;ILjava/lang/CharSequence;)Z @ 26 c2
Event: 5.888 Thread 0x000001826f063520 DEOPT PACKING pc=0x000001825ce5b2e4 sp=0x0000006d054fd460
Event: 5.888 Thread 0x000001826f063520 DEOPT UNPACKING pc=0x000001825c836da2 sp=0x0000006d054fd3f8 mode 2
Event: 5.888 Thread 0x000001826f063520 Uncommon trap: trap_request=0xffffffde fr.pc=0x000001825ce5b2e4 relative=0x0000000000000304
Event: 5.888 Thread 0x000001826f063520 Uncommon trap: reason=class_check action=maybe_recompile pc=0x000001825ce5b2e4 method=java.util.regex.Pattern$BmpCharPropertyGreedy.match(Ljava/util/regex/Matcher;ILjava/lang/CharSequence;)Z @ 26 c2
Event: 5.888 Thread 0x000001826f063520 DEOPT PACKING pc=0x000001825ce5b2e4 sp=0x0000006d054fd560
Event: 5.888 Thread 0x000001826f063520 DEOPT UNPACKING pc=0x000001825c836da2 sp=0x0000006d054fd518 mode 2
Event: 5.888 Thread 0x000001826f063520 Uncommon trap: trap_request=0xffffffde fr.pc=0x000001825ce5b2e4 relative=0x0000000000000304
Event: 5.888 Thread 0x000001826f063520 Uncommon trap: reason=class_check action=maybe_recompile pc=0x000001825ce5b2e4 method=java.util.regex.Pattern$BmpCharPropertyGreedy.match(Ljava/util/regex/Matcher;ILjava/lang/CharSequence;)Z @ 26 c2
Event: 5.888 Thread 0x000001826f063520 DEOPT PACKING pc=0x000001825ce5b2e4 sp=0x0000006d054fd460
Event: 5.888 Thread 0x000001826f063520 DEOPT UNPACKING pc=0x000001825c836da2 sp=0x0000006d054fd3f8 mode 2

Classes loaded (20 events):
Event: 1.654 Loading class sun/util/logging/resources/logging_en
Event: 1.654 Loading class sun/util/logging/resources/logging_en done
Event: 1.654 Loading class sun/util/logging/resources/logging_en
Event: 1.654 Loading class sun/util/logging/resources/logging_en done
Event: 1.654 Loading class sun/util/logging/resources/logging_en_US
Event: 1.654 Loading class sun/util/logging/resources/logging_en_US done
Event: 1.654 Loading class sun/util/logging/resources/logging_en_US
Event: 1.654 Loading class sun/util/logging/resources/logging_en_US done
Event: 1.656 Loading class java/util/Formatter$DateTime
Event: 1.656 Loading class java/util/Formatter$DateTime done
Event: 1.656 Loading class java/util/Formatter$FixedString
Event: 1.656 Loading class java/util/Formatter$FixedString done
Event: 1.657 Loading class java/time/ZonedDateTime$1
Event: 1.657 Loading class java/time/ZonedDateTime$1 done
Event: 1.661 Loading class jdk/internal/module/ModulePatcher$PatchedModuleReader
Event: 1.661 Loading class jdk/internal/module/ModulePatcher$PatchedModuleReader done
Event: 1.667 Loading class sun/text/resources/cldr/FormatData_en
Event: 1.668 Loading class sun/text/resources/cldr/FormatData_en done
Event: 1.668 Loading class sun/text/resources/cldr/FormatData_en_US
Event: 1.668 Loading class sun/text/resources/cldr/FormatData_en_US done

Classes unloaded (0 events):
No events

Classes redefined (0 events):
No events

Internal exceptions (20 events):
Event: 0.840 Thread 0x00000182520c2810 Implicit null exception at 0x000001825cdeec49 to 0x000001825cdef734
Event: 0.840 Thread 0x00000182520c2810 Implicit null exception at 0x000001825cddf71a to 0x000001825cddf924
Event: 0.840 Thread 0x00000182520c2810 Exception <a 'java/lang/NoSuchMethodError'{0x00000000d56f1228}: 'void java.lang.invoke.DirectMethodHandle$Holder.invokeStatic(java.lang.Object, java.lang.Object, java.lang.Object, java.lang.Object)'> (0x00000000d56f1228) 
thrown [s\src\hotspot\share\interpreter\linkResolver.cpp, line 773]
Event: 0.841 Thread 0x00000182520c2810 Implicit null exception at 0x000001825cddd43c to 0x000001825cddd6c8
Event: 0.841 Thread 0x00000182520c2810 Implicit null exception at 0x000001825cddb2bd to 0x000001825cddb341
Event: 0.902 Thread 0x00000182520c2810 Exception <a 'java/lang/NoSuchMethodError'{0x00000000d59da780}: 'void java.lang.invoke.DirectMethodHandle$Holder.invokeSpecial(java.lang.Object, java.lang.Object, java.lang.Object)'> (0x00000000d59da780) 
thrown [s\src\hotspot\share\interpreter\linkResolver.cpp, line 773]
Event: 1.143 Thread 0x00000182520c2810 Exception <a 'java/lang/NoSuchMethodError'{0x00000000d64457c8}: 'int java.lang.invoke.DirectMethodHandle$Holder.invokeVirtual(java.lang.Object, java.lang.Object)'> (0x00000000d64457c8) 
thrown [s\src\hotspot\share\interpreter\linkResolver.cpp, line 773]
Event: 1.211 Thread 0x00000182520c2810 Exception <a 'java/lang/NoSuchMethodError'{0x00000000d65bbd70}: 'int java.lang.invoke.DirectMethodHandle$Holder.invokeStaticInit(java.lang.Object, java.lang.Object, java.lang.Object, java.lang.Object)'> (0x00000000d65bbd70) 
thrown [s\src\hotspot\share\interpreter\linkResolver.cpp, line 773]
Event: 1.212 Thread 0x00000182520c2810 Exception <a 'java/lang/IncompatibleClassChangeError'{0x00000000d65c4178}: Found class java.lang.Object, but interface was expected> (0x00000000d65c4178) 
thrown [s\src\hotspot\share\interpreter\linkResolver.cpp, line 840]
Event: 1.212 Thread 0x00000182520c2810 Exception <a 'java/lang/NoSuchMethodError'{0x00000000d65caa10}: 'void java.lang.invoke.DirectMethodHandle$Holder.invokeStaticInit(java.lang.Object, java.lang.Object)'> (0x00000000d65caa10) 
thrown [s\src\hotspot\share\interpreter\linkResolver.cpp, line 773]
Event: 1.213 Thread 0x00000182520c2810 Exception <a 'java/lang/NoSuchMethodError'{0x00000000d65d3be8}: 'int java.lang.invoke.DirectMethodHandle$Holder.invokeStaticInit(java.lang.Object, java.lang.Object)'> (0x00000000d65d3be8) 
thrown [s\src\hotspot\share\interpreter\linkResolver.cpp, line 773]
Event: 1.243 Thread 0x00000182520c2810 Exception <a 'java/lang/NoSuchMethodError'{0x00000000d681bfd0}: 'java.lang.Object java.lang.invoke.DirectMethodHandle$Holder.newInvokeSpecial(java.lang.Object, int, java.lang.Object)'> (0x00000000d681bfd0) 
thrown [s\src\hotspot\share\interpreter\linkResolver.cpp, line 773]
Event: 1.276 Thread 0x00000182520c2810 Exception <a 'java/lang/ClassNotFoundException'{0x00000000d6a345a0}: sun/net/www/protocol/plurl/Handler> (0x00000000d6a345a0) 
thrown [s\src\hotspot\share\classfile\systemDictionary.cpp, line 312]
Event: 1.276 Thread 0x00000182520c2810 Exception <a 'java/lang/ClassNotFoundException'{0x00000000d6a35420}: sun/net/www/protocol/plurl/Handler> (0x00000000d6a35420) 
thrown [s\src\hotspot\share\classfile\systemDictionary.cpp, line 312]
Event: 1.398 Thread 0x00000182520c2810 Exception <a 'java/lang/UnsatisfiedLinkError'{0x00000000d55d73b8}: 'void org.eclipse.equinox.launcher.JNIBridge._update_splash()'> (0x00000000d55d73b8) 
thrown [s\src\hotspot\share\prims\nativeLookup.cpp, line 415]
Event: 1.538 Thread 0x000001826f0b25e0 Exception <a 'java/lang/NoSuchMethodError'{0x00000000d586b290}: 'void java.lang.invoke.DirectMethodHandle$Holder.invokeInterface(java.lang.Object, java.lang.Object, java.lang.Object)'> (0x00000000d586b290) 
thrown [s\src\hotspot\share\interpreter\linkResolver.cpp, line 773]
Event: 1.618 Thread 0x000001826f063520 Exception <a 'java/lang/NoSuchMethodError'{0x00000000d5c52c10}: 'java.lang.Object java.lang.invoke.DirectMethodHandle$Holder.newInvokeSpecial(java.lang.Object, java.lang.Object, int, java.lang.Object)'> (0x00000000d5c52c10) 
thrown [s\src\hotspot\share\interpreter\linkResolver.cpp, line 773]
Event: 1.618 Thread 0x000001826f063520 Exception <a 'java/lang/NoSuchMethodError'{0x00000000d5c56a40}: 'java.lang.Object java.lang.invoke.DirectMethodHandle$Holder.invokeSpecial(java.lang.Object, java.lang.Object, java.lang.Object, int, java.lang.Object)'> (0x00000000d5c56a40) 
thrown [s\src\hotspot\share\interpreter\linkResolver.cpp, line 773]
Event: 1.633 Thread 0x000001826f063520 Exception <a 'java/lang/NoClassDefFoundError'{0x00000000d5cfdad0}: jakarta/servlet/ServletContainerInitializer> (0x00000000d5cfdad0) 
thrown [s\src\hotspot\share\classfile\systemDictionary.cpp, line 301]
Event: 1.653 Thread 0x000001826f063520 Exception <a 'java/lang/ClassNotFoundException'{0x00000000d5e6a778}: sun/util/logging/resources/spi/loggingProvider> (0x00000000d5e6a778) 
thrown [s\src\hotspot\share\classfile\systemDictionary.cpp, line 312]

ZGC Phase Switch (0 events):
No events

VM Operations (20 events):
Event: 1.234 Executing VM operation: HandshakeAllThreads (Deoptimize)
Event: 1.234 Executing VM operation: HandshakeAllThreads (Deoptimize) done
Event: 1.265 Executing VM operation: HandshakeAllThreads (Deoptimize)
Event: 1.265 Executing VM operation: HandshakeAllThreads (Deoptimize) done
Event: 1.274 Executing VM operation: HandshakeAllThreads (Deoptimize)
Event: 1.274 Executing VM operation: HandshakeAllThreads (Deoptimize) done
Event: 1.328 Executing VM operation: ICBufferFull
Event: 1.328 Executing VM operation: ICBufferFull done
Event: 1.381 Executing VM operation: ParallelGCFailedAllocation (Allocation Failure)
Event: 1.387 Executing VM operation: ParallelGCFailedAllocation (Allocation Failure) done
Event: 1.645 Executing VM operation: HandshakeAllThreads (Deoptimize)
Event: 1.645 Executing VM operation: HandshakeAllThreads (Deoptimize) done
Event: 1.661 Executing VM operation: HandshakeAllThreads (Deoptimize)
Event: 1.661 Executing VM operation: HandshakeAllThreads (Deoptimize) done
Event: 1.670 Executing VM operation: HandshakeAllThreads (Deoptimize)
Event: 1.670 Executing VM operation: HandshakeAllThreads (Deoptimize) done
Event: 1.679 Executing VM operation: HandshakeAllThreads (Deoptimize)
Event: 1.679 Executing VM operation: HandshakeAllThreads (Deoptimize) done
Event: 2.682 Executing VM operation: Cleanup
Event: 2.682 Executing VM operation: Cleanup done

Memory protections (0 events):
No events

Nmethod flushes (0 events):
No events

Events (20 events):
Event: 0.061 Thread 0x00000182520c2810 Thread added: 0x0000018268b2ae50
Event: 0.061 Thread 0x00000182520c2810 Thread added: 0x0000018268b2dcc0
Event: 0.061 Thread 0x00000182520c2810 Thread added: 0x0000018268b31750
Event: 0.062 Thread 0x00000182520c2810 Thread added: 0x0000018268b32660
Event: 0.062 Thread 0x00000182520c2810 Thread added: 0x0000018268b303d0
Event: 0.062 Thread 0x00000182520c2810 Thread added: 0x0000018268b37330
Event: 0.062 Thread 0x00000182520c2810 Thread added: 0x0000018268b380b0
Event: 0.066 Thread 0x00000182520c2810 Thread added: 0x0000018268b5cac0
Event: 0.138 Thread 0x00000182520c2810 Thread added: 0x000001826a5c87c0
Event: 0.320 Thread 0x00000182520c2810 Thread added: 0x000001826a70a370
Event: 0.417 Thread 0x0000018268b5cac0 Thread added: 0x000001826a850700
Event: 0.538 Thread 0x0000018268b5cac0 Thread added: 0x000001826adee550
Event: 1.220 Thread 0x00000182520c2810 Thread added: 0x000001826f06c920
Event: 1.396 Thread 0x00000182520c2810 Thread added: 0x000001826f0b25e0
Event: 1.519 Thread 0x000001826a850700 Thread exited: 0x000001826a850700
Event: 1.519 Thread 0x000001826adee550 Thread exited: 0x000001826adee550
Event: 1.541 Thread 0x000001826f0b25e0 Thread added: 0x000001826f060e20
Event: 1.543 Thread 0x00000182520c2810 Thread added: 0x000001826f063520
Event: 1.685 Thread 0x0000018268b5cac0 Thread added: 0x000001826afa0330
Event: 2.485 Thread 0x000001826afa0330 Thread exited: 0x000001826afa0330


Dynamic libraries:
0x00007ff75e990000 - 0x00007ff75e99e000 	c:\Users\Clickchain\.vscode\extensions\redhat.java-1.51.0-win32-x64\jre\21.0.9-win32-x86_64\bin\java.exe
0x00007ffb1c290000 - 0x00007ffb1c4a7000 	C:\WINDOWS\SYSTEM32\ntdll.dll
0x00007ffb1aea0000 - 0x00007ffb1af64000 	C:\WINDOWS\System32\KERNEL32.DLL
0x00007ffb195c0000 - 0x00007ffb19992000 	C:\WINDOWS\System32\KERNELBASE.dll
0x00007ffb15930000 - 0x00007ffb159c7000 	C:\WINDOWS\SYSTEM32\apphelp.dll
0x00007ffb19c40000 - 0x00007ffb19d51000 	C:\WINDOWS\System32\ucrtbase.dll
0x00007ffaf62f0000 - 0x00007ffaf6308000 	c:\Users\Clickchain\.vscode\extensions\redhat.java-1.51.0-win32-x64\jre\21.0.9-win32-x86_64\bin\jli.dll
0x00007ffb1c000000 - 0x00007ffb1c1b1000 	C:\WINDOWS\System32\USER32.dll
0x00007ffb19590000 - 0x00007ffb195b6000 	C:\WINDOWS\System32\win32u.dll
0x00007ffaf68c0000 - 0x00007ffaf68de000 	c:\Users\Clickchain\.vscode\extensions\redhat.java-1.51.0-win32-x64\jre\21.0.9-win32-x86_64\bin\VCRUNTIME140.dll
0x00007ffb19ff0000 - 0x00007ffb1a019000 	C:\WINDOWS\System32\GDI32.dll
0x00007ffb199a0000 - 0x00007ffb19ac3000 	C:\WINDOWS\System32\gdi32full.dll
0x00007ffb194c0000 - 0x00007ffb1955a000 	C:\WINDOWS\System32\msvcp_win.dll
0x00007ffafb720000 - 0x00007ffafb9bb000 	C:\WINDOWS\WinSxS\amd64_microsoft.windows.common-controls_6595b64144ccf1df_6.0.22621.5547_none_27104afb73855772\COMCTL32.dll
0x00007ffb1abc0000 - 0x00007ffb1ac67000 	C:\WINDOWS\System32\msvcrt.dll
0x00007ffb19fb0000 - 0x00007ffb19fe1000 	C:\WINDOWS\System32\IMM32.DLL
0x00007ffaf68b0000 - 0x00007ffaf68bc000 	c:\Users\Clickchain\.vscode\extensions\redhat.java-1.51.0-win32-x64\jre\21.0.9-win32-x86_64\bin\vcruntime140_1.dll
0x00007ffae81a0000 - 0x00007ffae822d000 	c:\Users\Clickchain\.vscode\extensions\redhat.java-1.51.0-win32-x64\jre\21.0.9-win32-x86_64\bin\msvcp140.dll
0x00007ffa39b40000 - 0x00007ffa3a8e0000 	c:\Users\Clickchain\.vscode\extensions\redhat.java-1.51.0-win32-x64\jre\21.0.9-win32-x86_64\bin\server\jvm.dll
0x00007ffb1ad50000 - 0x00007ffb1ae01000 	C:\WINDOWS\System32\ADVAPI32.dll
0x00007ffb1b080000 - 0x00007ffb1b128000 	C:\WINDOWS\System32\sechost.dll
0x00007ffb19560000 - 0x00007ffb19588000 	C:\WINDOWS\System32\bcrypt.dll
0x00007ffb1be10000 - 0x00007ffb1bf24000 	C:\WINDOWS\System32\RPCRT4.dll
0x00007ffb1bf80000 - 0x00007ffb1bff1000 	C:\WINDOWS\System32\WS2_32.dll
0x00007ffb19250000 - 0x00007ffb1929d000 	C:\WINDOWS\SYSTEM32\POWRPROF.dll
0x00007ffb12290000 - 0x00007ffb122c4000 	C:\WINDOWS\SYSTEM32\WINMM.dll
0x00007ffb102b0000 - 0x00007ffb102ba000 	C:\WINDOWS\SYSTEM32\VERSION.dll
0x00007ffb19230000 - 0x00007ffb19243000 	C:\WINDOWS\SYSTEM32\UMPDC.dll
0x00007ffb18390000 - 0x00007ffb183a8000 	C:\WINDOWS\SYSTEM32\kernel.appcore.dll
0x00007ffaf62e0000 - 0x00007ffaf62ea000 	c:\Users\Clickchain\.vscode\extensions\redhat.java-1.51.0-win32-x64\jre\21.0.9-win32-x86_64\bin\jimage.dll
0x00007ffb16d60000 - 0x00007ffb16f93000 	C:\WINDOWS\SYSTEM32\DBGHELP.DLL
0x00007ffb1a770000 - 0x00007ffb1ab03000 	C:\WINDOWS\System32\combase.dll
0x00007ffb1ac70000 - 0x00007ffb1ad47000 	C:\WINDOWS\System32\OLEAUT32.dll
0x00007ffaf4760000 - 0x00007ffaf4792000 	C:\WINDOWS\SYSTEM32\dbgcore.DLL
0x00007ffb19440000 - 0x00007ffb194bb000 	C:\WINDOWS\System32\bcryptPrimitives.dll
0x00007ffaf6a80000 - 0x00007ffaf6a8f000 	c:\Users\Clickchain\.vscode\extensions\redhat.java-1.51.0-win32-x64\jre\21.0.9-win32-x86_64\bin\instrument.dll
0x00007ffaf5fb0000 - 0x00007ffaf5fd0000 	c:\Users\Clickchain\.vscode\extensions\redhat.java-1.51.0-win32-x64\jre\21.0.9-win32-x86_64\bin\java.dll
0x00007ffb1b130000 - 0x00007ffb1b9d2000 	C:\WINDOWS\System32\SHELL32.dll
0x00007ffb19d60000 - 0x00007ffb19e9f000 	C:\WINDOWS\System32\wintypes.dll
0x00007ffb17260000 - 0x00007ffb17b7d000 	C:\WINDOWS\SYSTEM32\windows.storage.dll
0x00007ffb1af70000 - 0x00007ffb1b07c000 	C:\WINDOWS\System32\SHCORE.dll
0x00007ffb1bd20000 - 0x00007ffb1bd89000 	C:\WINDOWS\System32\shlwapi.dll
0x00007ffb192b0000 - 0x00007ffb192db000 	C:\WINDOWS\SYSTEM32\profapi.dll
0x00007ffae8180000 - 0x00007ffae8198000 	c:\Users\Clickchain\.vscode\extensions\redhat.java-1.51.0-win32-x64\jre\21.0.9-win32-x86_64\bin\zip.dll
0x00007ffaf5f70000 - 0x00007ffaf5f80000 	C:\Users\Clickchain\.vscode\extensions\redhat.java-1.51.0-win32-x64\jre\21.0.9-win32-x86_64\bin\net.dll
0x00007ffb15b70000 - 0x00007ffb15c9c000 	C:\WINDOWS\SYSTEM32\WINHTTP.dll
0x00007ffb18830000 - 0x00007ffb18899000 	C:\WINDOWS\system32\mswsock.dll
0x00007ffae8160000 - 0x00007ffae8176000 	C:\Users\Clickchain\.vscode\extensions\redhat.java-1.51.0-win32-x64\jre\21.0.9-win32-x86_64\bin\nio.dll
0x00007ffaf5f80000 - 0x00007ffaf5f90000 	c:\Users\Clickchain\.vscode\extensions\redhat.java-1.51.0-win32-x64\jre\21.0.9-win32-x86_64\bin\verify.dll
0x00007ffad40e0000 - 0x00007ffad4124000 	C:\Users\Clickchain\AppData\Roaming\Code\User\globalStorage\redhat.java\1.51.0\config_win\org.eclipse.equinox.launcher\org.eclipse.equinox.launcher.win32.win32.x86_64_1.2.1400.v20250801-0854\eclipse_11916.dll
0x00007ffb1a130000 - 0x00007ffb1a2d0000 	C:\WINDOWS\System32\ole32.dll

JVMTI agents:
c:\Users\Clickchain\.vscode\extensions\redhat.java-1.51.0-win32-x64\lombok\lombok-1.18.39-4050.jar path:c:\Users\Clickchain\.vscode\extensions\redhat.java-1.51.0-win32-x64\jre\21.0.9-win32-x86_64\bin\instrument.dll, loaded, initialized, instrumentlib options:none

dbghelp: loaded successfully - version: 4.0.5 - missing functions: none
symbol engine: initialized successfully - sym options: 0x614 - pdb path: .;c:\Users\Clickchain\.vscode\extensions\redhat.java-1.51.0-win32-x64\jre\21.0.9-win32-x86_64\bin;C:\WINDOWS\SYSTEM32;C:\WINDOWS\WinSxS\amd64_microsoft.windows.common-controls_6595b64144ccf1df_6.0.22621.5547_none_27104afb73855772;c:\Users\Clickchain\.vscode\extensions\redhat.java-1.51.0-win32-x64\jre\21.0.9-win32-x86_64\bin\server;C:\Users\Clickchain\AppData\Roaming\Code\User\globalStorage\redhat.java\1.51.0\config_win\org.eclipse.equinox.launcher\org.eclipse.equinox.launcher.win32.win32.x86_64_1.2.1400.v20250801-0854

VM Arguments:
jvm_args: --add-modules=ALL-SYSTEM --add-opens=java.base/java.util=ALL-UNNAMED --add-opens=java.base/java.lang=ALL-UNNAMED --add-opens=java.base/sun.nio.fs=ALL-UNNAMED -Declipse.application=org.eclipse.jdt.ls.core.id1 -Dosgi.bundles.defaultStartLevel=4 -Declipse.product=org.eclipse.jdt.ls.core.product -Djava.import.generatesMetadataFilesAtProjectRoot=false -DDetectVMInstallationsJob.disabled=true -Dfile.encoding=utf8 -XX:+UseParallelGC -XX:GCTimeRatio=4 -XX:AdaptiveSizePolicyWeight=90 -Dsun.zip.disableMemoryMapping=true -Xmx2G -Xms100m -Xlog:disable -javaagent:c:\Users\Clickchain\.vscode\extensions\redhat.java-1.51.0-win32-x64\lombok\lombok-1.18.39-4050.jar -XX:+HeapDumpOnOutOfMemoryError -XX:HeapDumpPath=c:\Users\Clickchain\AppData\Roaming\Code\User\workspaceStorage\c6710c927eafd77c31b9528d8bca41a5\redhat.java -Daether.dependencyCollector.impl=bf 
java_command: c:\Users\Clickchain\.vscode\extensions\redhat.java-1.51.0-win32-x64\server\plugins\org.eclipse.equinox.launcher_1.7.100.v20251111-0406.jar -configuration c:\Users\Clickchain\AppData\Roaming\Code\User\globalStorage\redhat.java\1.51.0\config_win -data c:\Users\Clickchain\AppData\Roaming\Code\User\workspaceStorage\c6710c927eafd77c31b9528d8bca41a5\redhat.java\jdt_ws --pipe=\\.\pipe\lsp-98f0ca1b6accca7b69e4cb8408004252-sock
java_class_path (initial): c:\Users\Clickchain\.vscode\extensions\redhat.java-1.51.0-win32-x64\server\plugins\org.eclipse.equinox.launcher_1.7.100.v20251111-0406.jar
Launcher Type: SUN_STANDARD

[Global flags]
    uintx AdaptiveSizePolicyWeight                 = 90                                        {product} {command line}
     intx CICompilerCount                          = 4                                         {product} {ergonomic}
    uintx GCTimeRatio                              = 4                                         {product} {command line}
     bool HeapDumpOnOutOfMemoryError               = true                                   {manageable} {command line}
    ccstr HeapDumpPath                             = c:\Users\Clickchain\AppData\Roaming\Code\User\workspaceStorage\c6710c927eafd77c31b9528d8bca41a5\redhat.java         {manageable} {command line}
   size_t InitialHeapSize                          = 104857600                                 {product} {command line}
   size_t MaxHeapSize                              = 2147483648                                {product} {command line}
   size_t MaxNewSize                               = 715653120                                 {product} {ergonomic}
   size_t MinHeapDeltaBytes                        = 524288                                    {product} {ergonomic}
   size_t MinHeapSize                              = 104857600                                 {product} {command line}
   size_t NewSize                                  = 34603008                                  {product} {ergonomic}
    uintx NonNMethodCodeHeapSize                   = 5839372                                {pd product} {ergonomic}
    uintx NonProfiledCodeHeapSize                  = 122909434                              {pd product} {ergonomic}
   size_t OldSize                                  = 70254592                                  {product} {ergonomic}
    uintx ProfiledCodeHeapSize                     = 122909434                              {pd product} {ergonomic}
    uintx ReservedCodeCacheSize                    = 251658240                              {pd product} {ergonomic}
     bool SegmentedCodeCache                       = true                                      {product} {ergonomic}
   size_t SoftMaxHeapSize                          = 2147483648                             {manageable} {ergonomic}
     bool UseCompressedOops                        = true                           {product lp64_product} {ergonomic}
     bool UseLargePagesIndividualAllocation        = false                                  {pd product} {ergonomic}
     bool UseParallelGC                            = true                                      {product} {command line}

Logging:
Log output configuration:
 #0: stdout all=off uptime,level,tags foldmultilines=false
 #1: stderr all=off uptime,level,tags foldmultilines=false

Release file:
JAVA_VERSION="21.0.9" 
MODULES="java.base java.compiler java.datatransfer java.xml java.prefs java.desktop java.instrument java.logging java.management java.security.sasl java.naming java.rmi java.management.rmi java.net.http java.scripting java.security.jgss java.transaction.xa java.sql java.sql.rowset java.xml.crypto java.se java.smartcardio jdk.accessibility jdk.internal.jvmstat jdk.attach jdk.charsets jdk.internal.opt jdk.zipfs jdk.compiler jdk.crypto.ec jdk.crypto.cryptoki jdk.crypto.mscapi jdk.dynalink jdk.internal.ed jdk.editpad jdk.hotspot.agent jdk.httpserver jdk.internal.le jdk.internal.vm.ci jdk.internal.vm.compiler jdk.internal.vm.compiler.management jdk.jartool jdk.javadoc jdk.jcmd jdk.management jdk.management.agent jdk.jconsole jdk.jdeps jdk.jdwp.agent jdk.jdi jdk.jfr jdk.jshell jdk.jsobject jdk.jstatd jdk.localedata jdk.management.jfr jdk.naming.dns jdk.naming.rmi jdk.net jdk.nio.mapmode jdk.random jdk.sctp jdk.security.auth jdk.security.jgss jdk.unsupported jdk.unsupported.desktop jdk.xml.dom" 

Environment Variables:
PATH=C:\Program Files\Eclipse Adoptium\jdk-25.0.1.8-hotspot\bin;C:\Program Files (x86)\Microsoft SDKs\Azure\CLI2\wbin;C:\WINDOWS\system32;C:\WINDOWS;C:\WINDOWS\System32\Wbem;C:\WINDOWS\System32\WindowsPowerShell\v1.0\;C:\WINDOWS\System32\OpenSSH\;C:\Program Files\MongoDB\Tools\100\bin;C:\Program Files\Git\cmd;C:\Program Files\Git\mingw64\bin;C:\Program Files\Git\usr\bin;C:\php;C:\ProgramData\ComposerSetup\bin;C:\Program Files\MongoDB\Tools\100\bin\mongodump;C:\Program Files\HP\HP One Agent;C:\Users\Clickchain\AppData\Roaming\nvm;C:\nvm4w\nodejs;D:\Software For Development\Programming Software\gradle-9.0.0\bin;C:\Program Files\apache-tomcat-8.5.93\bin;C:\Program Files (x86)\Microsoft ASP.NET\ASP.NET Web Pages\v1.0\;C:\Program Files\Microsoft SQL Server\110\Tools\Binn\;C:\Program Files\apache-tomcat-8.5.93\bin;C:\Users\Clickchain\AppData\Local\Programs\Python\Python36\Scripts;C:\Users\Clickchain\AppData\Local\Programs\Python\Python36;D:\ClickChain\hydra-x\apache-maven-3.9.9\bin;C:\Program Files\PuTTY\;C:\Program Files\nodejs\;C:\Program Files\Docker\Docker\resources\bin;C:\Program Files\Amazon\AWSCLIV2\;C:\Users\Clickchain\AppData\Local\Programs\Python\Python36\Scripts;C:\Users\Clickchain\AppData\Local\Programs\Python\Python36;C:\Users\Clickchain\AppData\Local\Microsoft\WindowsApps;C:\Program Files\JetBrains\IntelliJ IDEA 2025.2.3\bin;C:\Users\Clickchain\AppData\Local\GitHubDesktop\bin;C:\Users\Clickchain\AppData\Local\Programs\Microsoft VS Code\bin;C:\Program Files\JetBrains\PyCharm 2022.2.1\bin;;C:\Users\Clickchain\AppData\Roaming\Composer\vendor\bin;C:\Users\Clickchain\AppData\Roaming\nvm;C:\nvm4w\nodejs;D:\Software For Development\gradle-4.10.2-all\gradle-4.10.2\bin;C:\Program Files\apache-tomcat-8.5.93\bin;C:\Program Files\apache-tomcat-8.5.93\bin;C:\Users\Clickchain\AppData\Local\Programs\mongosh\;C:\Users\Clickchain\AppData\Roaming\npm
USERNAME=Clickchain
OS=Windows_NT
PROCESSOR_IDENTIFIER=Intel64 Family 6 Model 140 Stepping 1, GenuineIntel
TMP=C:\Users\CLICKC~1\AppData\Local\Temp
TEMP=C:\Users\CLICKC~1\AppData\Local\Temp




Periodic native trim disabled

---------------  S Y S T E M  ---------------

OS:
 Windows 11 , 64 bit Build 22621 (10.0.22621.5415)
OS uptime: 0 days 5:16 hours
Hyper-V role detected

CPU: total 8 (initial active 8) (4 cores per cpu, 2 threads per core) family 6 model 140 stepping 1 microcode 0xb4, cx8, cmov, fxsr, ht, mmx, 3dnowpref, sse, sse2, sse3, ssse3, sse4.1, sse4.2, popcnt, lzcnt, tsc, tscinvbit, avx, avx2, aes, erms, clmul, bmi1, bmi2, adx, avx512f, avx512dq, avx512cd, avx512bw, avx512vl, sha, fma, vzeroupper, avx512_vpopcntdq, avx512_vpclmulqdq, avx512_vaes, avx512_vnni, clflush, clflushopt, clwb, avx512_vbmi2, avx512_vbmi, hv, rdtscp, rdpid, fsrm, gfni, avx512_bitalg, f16c, cet_ibt, cet_ss, avx512_ifma
Processor Information for the first 8 processors :
  Max Mhz: 2701, Current Mhz: 2701, Mhz Limit: 2701

Memory: 4k page, system-wide physical 16026M (487M free)
TotalPageFile size 24306M (AvailPageFile size 1M)
current process WorkingSet (physical memory assigned to process): 105M, peak: 105M
current process commit charge ("private bytes"): 247M, peak: 247M

vm_info: OpenJDK 64-Bit Server VM (21.0.9+10-LTS) for windows-amd64 JRE (21.0.9+10-LTS), built on 2025-10-21T00:00:00Z by "admin" with unknown MS VC++:1942

END.
